Determining if the pthread_create exist failed with the following output:
Change Dir: /home/rosuser/ros_workspace/build/CMakeFiles/CMakeTmp

Run Build Command:/usr/bin/make "cmTryCompileExec3112331250/fast"
/usr/bin/make -f CMakeFiles/cmTryCompileExec3112331250.dir/build.make CMakeFiles/cmTryCompileExec3112331250.dir/build
make[1]: Entering directory `/home/rosuser/ros_workspace/build/CMakeFiles/CMakeTmp'
/usr/bin/cmake -E cmake_progress_report /home/rosuser/ros_workspace/build/CMakeFiles/CMakeTmp/CMakeFiles 1
Building C object CMakeFiles/cmTryCompileExec3112331250.dir/CheckSymbolExists.c.o
/usr/bin/cc    -o CMakeFiles/cmTryCompileExec3112331250.dir/CheckSymbolExists.c.o   -c /home/rosuser/ros_workspace/build/CMakeFiles/CMakeTmp/CheckSymbolExists.c
Linking C executable cmTryCompileExec3112331250
/usr/bin/cmake -E cmake_link_script CMakeFiles/cmTryCompileExec3112331250.dir/link.txt --verbose=1
/usr/bin/cc       CMakeFiles/cmTryCompileExec3112331250.dir/CheckSymbolExists.c.o  -o cmTryCompileExec3112331250 -rdynamic 
CMakeFiles/cmTryCompileExec3112331250.dir/CheckSymbolExists.c.o: In function `main':
CheckSymbolExists.c:(.text+0x16): undefined reference to `pthread_create'
collect2: error: ld returned 1 exit status
make[1]: *** [cmTryCompileExec3112331250] Error 1
make[1]: Leaving directory `/home/rosuser/ros_workspace/build/CMakeFiles/CMakeTmp'
make: *** [cmTryCompileExec3112331250/fast] Error 2

File /home/rosuser/ros_workspace/build/CMakeFiles/CMakeTmp/CheckSymbolExists.c:
/* */
#include <pthread.h>

int main(int argc, char** argv)
{
  (void)argv;
#ifndef pthread_create
  return ((int*)(&pthread_create))[argc];
#else
  (void)argc;
  return 0;
#endif
}

Determining if the function pthread_create exists in the pthreads failed with the following output:
Change Dir: /home/rosuser/ros_workspace/build/CMakeFiles/CMakeTmp

Run Build Command:/usr/bin/make "cmTryCompileExec2333071418/fast"
/usr/bin/make -f CMakeFiles/cmTryCompileExec2333071418.dir/build.make CMakeFiles/cmTryCompileExec2333071418.dir/build
make[1]: Entering directory `/home/rosuser/ros_workspace/build/CMakeFiles/CMakeTmp'
/usr/bin/cmake -E cmake_progress_report /home/rosuser/ros_workspace/build/CMakeFiles/CMakeTmp/CMakeFiles 1
Building C object CMakeFiles/cmTryCompileExec2333071418.dir/CheckFunctionExists.c.o
/usr/bin/cc   -DCHECK_FUNCTION_EXISTS=pthread_create   -o CMakeFiles/cmTryCompileExec2333071418.dir/CheckFunctionExists.c.o   -c /usr/share/cmake-2.8/Modules/CheckFunctionExists.c
Linking C executable cmTryCompileExec2333071418
/usr/bin/cmake -E cmake_link_script CMakeFiles/cmTryCompileExec2333071418.dir/link.txt --verbose=1
/usr/bin/cc   -DCHECK_FUNCTION_EXISTS=pthread_create    CMakeFiles/cmTryCompileExec2333071418.dir/CheckFunctionExists.c.o  -o cmTryCompileExec2333071418 -rdynamic -lpthreads 
/usr/bin/ld: cannot find -lpthreads
collect2: error: ld returned 1 exit status
make[1]: *** [cmTryCompileExec2333071418] Error 1
make[1]: Leaving directory `/home/rosuser/ros_workspace/build/CMakeFiles/CMakeTmp'
make: *** [cmTryCompileExec2333071418/fast] Error 2


